This file contains any messages produced by compilers while
running configure, to aid debugging if configure makes a mistake.

It was created by snappy configure 1.1.0, which was
generated by GNU Autoconf 2.68.  Invocation command line was

  $ ./configure 

## --------- ##
## Platform. ##
## --------- ##

hostname = luliang-QSH4
uname -m = i686
uname -r = 3.2.0-52-generic-pae
uname -s = Linux
uname -v = #78-Ubuntu SMP Fri Jul 26 16:43:19 UTC 2013

/usr/bin/uname -p = unknown
/bin/uname -X     = unknown

/bin/arch              = unknown
/usr/bin/arch -k       = unknown
/usr/convex/getsysinfo = unknown
/usr/bin/hostinfo      = unknown
/bin/machine           = unknown
/usr/bin/oslevel       = unknown
/bin/universe          = unknown

PATH: /opt/apache-maven/bin
PATH: /usr/lib/jvm/default-java/bin
PATH: /usr/local/bin
PATH: /usr/bin
PATH: /bin
PATH: /usr/games
PATH: /usr/local/cuda/bin
PATH: /opt/apache-forrest/bin


## ----------- ##
## Core tests. ##
## ----------- ##

configure:2520: checking for a BSD-compatible install
configure:2588: result: /usr/bin/install -c
configure:2599: checking whether build environment is sane
configure:2649: result: yes
configure:2790: checking for a thread-safe mkdir -p
configure:2829: result: /bin/mkdir -p
configure:2842: checking for gawk
configure:2872: result: no
configure:2842: checking for mawk
configure:2858: found /usr/bin/mawk
configure:2869: result: mawk
configure:2880: checking whether make sets $(MAKE)
configure:2902: result: yes
configure:3012: checking build system type
configure:3026: result: i686-pc-linux-gnu
configure:3046: checking host system type
configure:3059: result: i686-pc-linux-gnu
configure:3100: checking how to print strings
configure:3127: result: printf
configure:3160: checking for style of include used by make
configure:3188: result: GNU
configure:3259: checking for gcc
configure:3275: found /usr/bin/gcc
configure:3286: result: gcc
configure:3515: checking for C compiler version
configure:3524: gcc --version >&5
gcc (Ubuntu/Linaro 4.6.3-1ubuntu5) 4.6.3
Copyright (C) 2011 Free Software Foundation, Inc.
This is free software; see the source for copying conditions.  There is NO
warranty; not even for MERCHANTABILITY or FITNESS FOR A PARTICULAR PURPOSE.

configure:3535: $? = 0
configure:3524: gcc -v >&5
Using built-in specs.
COLLECT_GCC=gcc
COLLECT_LTO_WRAPPER=/usr/lib/gcc/i686-linux-gnu/4.6/lto-wrapper
Target: i686-linux-gnu
Configured with: ../src/configure -v --with-pkgversion='Ubuntu/Linaro 4.6.3-1ubuntu5' --with-bugurl=file:///usr/share/doc/gcc-4.6/README.Bugs --enable-languages=c,c++,fortran,objc,obj-c++ --prefix=/usr --program-suffix=-4.6 --enable-shared --enable-linker-build-id --with-system-zlib --libexecdir=/usr/lib --without-included-gettext --enable-threads=posix --with-gxx-include-dir=/usr/include/c++/4.6 --libdir=/usr/lib --enable-nls --with-sysroot=/ --enable-clocale=gnu --enable-libstdcxx-debug --enable-libstdcxx-time=yes --enable-gnu-unique-object --enable-plugin --enable-objc-gc --enable-targets=all --disable-werror --with-arch-32=i686 --with-tune=generic --enable-checking=release --build=i686-linux-gnu --host=i686-linux-gnu --target=i686-linux-gnu
Thread model: posix
gcc version 4.6.3 (Ubuntu/Linaro 4.6.3-1ubuntu5) 
configure:3535: $? = 0
configure:3524: gcc -V >&5
gcc: error: unrecognized option '-V'
gcc: fatal error: no input files
compilation terminated.
configure:3535: $? = 4
configure:3524: gcc -qversion >&5
gcc: error: unrecognized option '-qversion'
gcc: fatal error: no input files
compilation terminated.
configure:3535: $? = 4
configure:3555: checking whether the C compiler works
configure:3577: gcc    conftest.c  >&5
configure:3581: $? = 0
configure:3629: result: yes
configure:3632: checking for C compiler default output file name
configure:3634: result: a.out
configure:3640: checking for suffix of executables
configure:3647: gcc -o conftest    conftest.c  >&5
configure:3651: $? = 0
configure:3673: result: 
configure:3695: checking whether we are cross compiling
configure:3703: gcc -o conftest    conftest.c  >&5
configure:3707: $? = 0
configure:3714: ./conftest
configure:3718: $? = 0
configure:3733: result: no
configure:3738: checking for suffix of object files
configure:3760: gcc -c   conftest.c >&5
configure:3764: $? = 0
configure:3785: result: o
configure:3789: checking whether we are using the GNU C compiler
configure:3808: gcc -c   conftest.c >&5
configure:3808: $? = 0
configure:3817: result: yes
configure:3826: checking whether gcc accepts -g
configure:3846: gcc -c -g  conftest.c >&5
configure:3846: $? = 0
configure:3887: result: yes
configure:3904: checking for gcc option to accept ISO C89
configure:3968: gcc  -c -g -O2  conftest.c >&5
configure:3968: $? = 0
configure:3981: result: none needed
configure:4003: checking dependency style of gcc
configure:4114: result: gcc3
configure:4129: checking for a sed that does not truncate output
configure:4193: result: /bin/sed
configure:4211: checking for grep that handles long lines and -e
configure:4269: result: /bin/grep
configure:4274: checking for egrep
configure:4336: result: /bin/grep -E
configure:4341: checking for fgrep
configure:4403: result: /bin/grep -F
configure:4438: checking for ld used by gcc
configure:4505: result: /usr/bin/ld
configure:4512: checking if the linker (/usr/bin/ld) is GNU ld
configure:4527: result: yes
configure:4539: checking for BSD- or MS-compatible name lister (nm)
configure:4588: result: /usr/bin/nm -B
configure:4718: checking the name lister (/usr/bin/nm -B) interface
configure:4725: gcc -c -g -O2  conftest.c >&5
configure:4728: /usr/bin/nm -B "conftest.o"
configure:4731: output
00000000 B some_variable
configure:4738: result: BSD nm
configure:4741: checking whether ln -s works
configure:4745: result: yes
configure:4753: checking the maximum length of command line arguments
configure:4883: result: 1572864
configure:4900: checking whether the shell understands some XSI constructs
configure:4910: result: yes
configure:4914: checking whether the shell understands "+="
configure:4920: result: yes
configure:4955: checking how to convert i686-pc-linux-gnu file names to i686-pc-linux-gnu format
configure:4995: result: func_convert_file_noop
configure:5002: checking how to convert i686-pc-linux-gnu file names to toolchain format
configure:5022: result: func_convert_file_noop
configure:5029: checking for /usr/bin/ld option to reload object files
configure:5036: result: -r
configure:5110: checking for objdump
configure:5126: found /usr/bin/objdump
configure:5137: result: objdump
configure:5169: checking how to recognize dependent libraries
configure:5371: result: pass_all
configure:5456: checking for dlltool
configure:5486: result: no
configure:5516: checking how to associate runtime and link libraries
configure:5543: result: printf %s\n
configure:5604: checking for ar
configure:5620: found /usr/bin/ar
configure:5631: result: ar
configure:5668: checking for archiver @FILE support
configure:5685: gcc -c -g -O2  conftest.c >&5
configure:5685: $? = 0
configure:5688: ar cru libconftest.a @conftest.lst >&5
configure:5691: $? = 0
configure:5696: ar cru libconftest.a @conftest.lst >&5
ar: conftest.o: No such file or directory
configure:5699: $? = 1
configure:5711: result: @
configure:5769: checking for strip
configure:5785: found /usr/bin/strip
configure:5796: result: strip
configure:5868: checking for ranlib
configure:5884: found /usr/bin/ranlib
configure:5895: result: ranlib
configure:5997: checking command to parse /usr/bin/nm -B output from gcc object
configure:6117: gcc -c -g -O2  conftest.c >&5
configure:6120: $? = 0
configure:6124: /usr/bin/nm -B conftest.o \| sed -n -e 's/^.*[ ]\([ABCDGIRSTW][ABCDGIRSTW]*\)[ ][ ]*\([_A-Za-z][_A-Za-z0-9]*\)$/\1 \2 \2/p' | sed '/ __gnu_lto/d' \> conftest.nm
configure:6127: $? = 0
configure:6193: gcc -o conftest -g -O2   conftest.c conftstm.o >&5
configure:6196: $? = 0
configure:6234: result: ok
configure:6271: checking for sysroot
configure:6301: result: no
configure:6557: checking for mt
configure:6573: found /bin/mt
configure:6584: result: mt
configure:6607: checking if mt is a manifest tool
configure:6613: mt '-?'
configure:6621: result: no
configure:7263: checking how to run the C preprocessor
configure:7294: gcc -E  conftest.c
configure:7294: $? = 0
configure:7308: gcc -E  conftest.c
conftest.c:11:28: fatal error: ac_nonexistent.h: No such file or directory
compilation terminated.
configure:7308: $? = 1
configure: failed program was:
| /* confdefs.h */
| #define PACKAGE_NAME "snappy"
| #define PACKAGE_TARNAME "snappy"
| #define PACKAGE_VERSION "1.1.0"
| #define PACKAGE_STRING "snappy 1.1.0"
| #define PACKAGE_BUGREPORT ""
| #define PACKAGE_URL ""
| #define PACKAGE "snappy"
| #define VERSION "1.1.0"
| /* end confdefs.h.  */
| #include <ac_nonexistent.h>
configure:7333: result: gcc -E
configure:7353: gcc -E  conftest.c
configure:7353: $? = 0
configure:7367: gcc -E  conftest.c
conftest.c:11:28: fatal error: ac_nonexistent.h: No such file or directory
compilation terminated.
configure:7367: $? = 1
configure: failed program was:
| /* confdefs.h */
| #define PACKAGE_NAME "snappy"
| #define PACKAGE_TARNAME "snappy"
| #define PACKAGE_VERSION "1.1.0"
| #define PACKAGE_STRING "snappy 1.1.0"
| #define PACKAGE_BUGREPORT ""
| #define PACKAGE_URL ""
| #define PACKAGE "snappy"
| #define VERSION "1.1.0"
| /* end confdefs.h.  */
| #include <ac_nonexistent.h>
configure:7396: checking for ANSI C header files
configure:7416: gcc -c -g -O2  conftest.c >&5
configure:7416: $? = 0
configure:7489: gcc -o conftest -g -O2   conftest.c  >&5
configure:7489: $? = 0
configure:7489: ./conftest
configure:7489: $? = 0
configure:7500: result: yes
configure:7513: checking for sys/types.h
configure:7513: gcc -c -g -O2  conftest.c >&5
configure:7513: $? = 0
configure:7513: result: yes
configure:7513: checking for sys/stat.h
configure:7513: gcc -c -g -O2  conftest.c >&5
configure:7513: $? = 0
configure:7513: result: yes
configure:7513: checking for stdlib.h
configure:7513: gcc -c -g -O2  conftest.c >&5
configure:7513: $? = 0
configure:7513: result: yes
configure:7513: checking for string.h
configure:7513: gcc -c -g -O2  conftest.c >&5
configure:7513: $? = 0
configure:7513: result: yes
configure:7513: checking for memory.h
configure:7513: gcc -c -g -O2  conftest.c >&5
configure:7513: $? = 0
configure:7513: result: yes
configure:7513: checking for strings.h
configure:7513: gcc -c -g -O2  conftest.c >&5
configure:7513: $? = 0
configure:7513: result: yes
configure:7513: checking for inttypes.h
configure:7513: gcc -c -g -O2  conftest.c >&5
configure:7513: $? = 0
configure:7513: result: yes
configure:7513: checking for stdint.h
configure:7513: gcc -c -g -O2  conftest.c >&5
configure:7513: $? = 0
configure:7513: result: yes
configure:7513: checking for unistd.h
configure:7513: gcc -c -g -O2  conftest.c >&5
configure:7513: $? = 0
configure:7513: result: yes
configure:7527: checking for dlfcn.h
configure:7527: gcc -c -g -O2  conftest.c >&5
configure:7527: $? = 0
configure:7527: result: yes
configure:7733: checking for objdir
configure:7748: result: .libs
configure:8019: checking if gcc supports -fno-rtti -fno-exceptions
configure:8037: gcc -c -g -O2  -fno-rtti -fno-exceptions conftest.c >&5
cc1: warning: command line option '-fno-rtti' is valid for C++/ObjC++ but not for C [enabled by default]
configure:8041: $? = 0
configure:8054: result: no
configure:8381: checking for gcc option to produce PIC
configure:8388: result: -fPIC -DPIC
configure:8396: checking if gcc PIC flag -fPIC -DPIC works
configure:8414: gcc -c -g -O2  -fPIC -DPIC -DPIC conftest.c >&5
configure:8418: $? = 0
configure:8431: result: yes
configure:8460: checking if gcc static flag -static works
configure:8488: result: yes
configure:8503: checking if gcc supports -c -o file.o
configure:8524: gcc -c -g -O2  -o out/conftest2.o conftest.c >&5
configure:8528: $? = 0
configure:8550: result: yes
configure:8558: checking if gcc supports -c -o file.o
configure:8605: result: yes
configure:8638: checking whether the gcc linker (/usr/bin/ld) supports shared libraries
configure:9795: result: yes
configure:9832: checking whether -lc should be explicitly linked in
configure:9840: gcc -c -g -O2  conftest.c >&5
configure:9843: $? = 0
configure:9858: gcc -shared  -fPIC -DPIC conftest.o  -v -Wl,-soname -Wl,conftest -o conftest 2\>\&1 \| /bin/grep  -lc  \>/dev/null 2\>\&1
configure:9861: $? = 0
configure:9875: result: no
configure:10035: checking dynamic linker characteristics
configure:10546: gcc -o conftest -g -O2   -Wl,-rpath -Wl,/foo conftest.c  >&5
configure:10546: $? = 0
configure:10780: result: GNU/Linux ld.so
configure:10887: checking how to hardcode library paths into programs
configure:10912: result: immediate
configure:11452: checking whether stripping libraries is possible
configure:11457: result: yes
configure:11492: checking if libtool supports shared libraries
configure:11494: result: yes
configure:11497: checking whether to build shared libraries
configure:11518: result: yes
configure:11521: checking whether to build static libraries
configure:11525: result: yes
configure:11621: checking for g++
configure:11637: found /usr/bin/g++
configure:11648: result: g++
configure:11675: checking for C++ compiler version
configure:11684: g++ --version >&5
g++ (Ubuntu/Linaro 4.6.3-1ubuntu5) 4.6.3
Copyright (C) 2011 Free Software Foundation, Inc.
This is free software; see the source for copying conditions.  There is NO
warranty; not even for MERCHANTABILITY or FITNESS FOR A PARTICULAR PURPOSE.

configure:11695: $? = 0
configure:11684: g++ -v >&5
Using built-in specs.
COLLECT_GCC=g++
COLLECT_LTO_WRAPPER=/usr/lib/gcc/i686-linux-gnu/4.6/lto-wrapper
Target: i686-linux-gnu
Configured with: ../src/configure -v --with-pkgversion='Ubuntu/Linaro 4.6.3-1ubuntu5' --with-bugurl=file:///usr/share/doc/gcc-4.6/README.Bugs --enable-languages=c,c++,fortran,objc,obj-c++ --prefix=/usr --program-suffix=-4.6 --enable-shared --enable-linker-build-id --with-system-zlib --libexecdir=/usr/lib --without-included-gettext --enable-threads=posix --with-gxx-include-dir=/usr/include/c++/4.6 --libdir=/usr/lib --enable-nls --with-sysroot=/ --enable-clocale=gnu --enable-libstdcxx-debug --enable-libstdcxx-time=yes --enable-gnu-unique-object --enable-plugin --enable-objc-gc --enable-targets=all --disable-werror --with-arch-32=i686 --with-tune=generic --enable-checking=release --build=i686-linux-gnu --host=i686-linux-gnu --target=i686-linux-gnu
Thread model: posix
gcc version 4.6.3 (Ubuntu/Linaro 4.6.3-1ubuntu5) 
configure:11695: $? = 0
configure:11684: g++ -V >&5
g++: error: unrecognized option '-V'
g++: fatal error: no input files
compilation terminated.
configure:11695: $? = 4
configure:11684: g++ -qversion >&5
g++: error: unrecognized option '-qversion'
g++: fatal error: no input files
compilation terminated.
configure:11695: $? = 4
configure:11699: checking whether we are using the GNU C++ compiler
configure:11718: g++ -c   conftest.cpp >&5
configure:11718: $? = 0
configure:11727: result: yes
configure:11736: checking whether g++ accepts -g
configure:11756: g++ -c -g  conftest.cpp >&5
configure:11756: $? = 0
configure:11797: result: yes
configure:11822: checking dependency style of g++
configure:11933: result: gcc3
configure:11966: checking how to run the C++ preprocessor
configure:11993: g++ -E  conftest.cpp
configure:11993: $? = 0
configure:12007: g++ -E  conftest.cpp
conftest.cpp:23:28: fatal error: ac_nonexistent.h: No such file or directory
compilation terminated.
configure:12007: $? = 1
configure: failed program was:
| /* confdefs.h */
| #define PACKAGE_NAME "snappy"
| #define PACKAGE_TARNAME "snappy"
| #define PACKAGE_VERSION "1.1.0"
| #define PACKAGE_STRING "snappy 1.1.0"
| #define PACKAGE_BUGREPORT ""
| #define PACKAGE_URL ""
| #define PACKAGE "snappy"
| #define VERSION "1.1.0"
| #define STDC_HEADERS 1
| #define HAVE_SYS_TYPES_H 1
| #define HAVE_SYS_STAT_H 1
| #define HAVE_STDLIB_H 1
| #define HAVE_STRING_H 1
| #define HAVE_MEMORY_H 1
| #define HAVE_STRINGS_H 1
| #define HAVE_INTTYPES_H 1
| #define HAVE_STDINT_H 1
| #define HAVE_UNISTD_H 1
| #define HAVE_DLFCN_H 1
| #define LT_OBJDIR ".libs/"
| /* end confdefs.h.  */
| #include <ac_nonexistent.h>
configure:12032: result: g++ -E
configure:12052: g++ -E  conftest.cpp
configure:12052: $? = 0
configure:12066: g++ -E  conftest.cpp
conftest.cpp:23:28: fatal error: ac_nonexistent.h: No such file or directory
compilation terminated.
configure:12066: $? = 1
configure: failed program was:
| /* confdefs.h */
| #define PACKAGE_NAME "snappy"
| #define PACKAGE_TARNAME "snappy"
| #define PACKAGE_VERSION "1.1.0"
| #define PACKAGE_STRING "snappy 1.1.0"
| #define PACKAGE_BUGREPORT ""
| #define PACKAGE_URL ""
| #define PACKAGE "snappy"
| #define VERSION "1.1.0"
| #define STDC_HEADERS 1
| #define HAVE_SYS_TYPES_H 1
| #define HAVE_SYS_STAT_H 1
| #define HAVE_STDLIB_H 1
| #define HAVE_STRING_H 1
| #define HAVE_MEMORY_H 1
| #define HAVE_STRINGS_H 1
| #define HAVE_INTTYPES_H 1
| #define HAVE_STDINT_H 1
| #define HAVE_UNISTD_H 1
| #define HAVE_DLFCN_H 1
| #define LT_OBJDIR ".libs/"
| /* end confdefs.h.  */
| #include <ac_nonexistent.h>
configure:12235: checking for ld used by g++
configure:12302: result: /usr/bin/ld
configure:12309: checking if the linker (/usr/bin/ld) is GNU ld
configure:12324: result: yes
configure:12379: checking whether the g++ linker (/usr/bin/ld) supports shared libraries
configure:13384: result: yes
configure:13420: g++ -c -g -O2  conftest.cpp >&5
configure:13423: $? = 0
configure:13943: checking for g++ option to produce PIC
configure:13950: result: -fPIC -DPIC
configure:13958: checking if g++ PIC flag -fPIC -DPIC works
configure:13976: g++ -c -g -O2  -fPIC -DPIC -DPIC conftest.cpp >&5
configure:13980: $? = 0
configure:13993: result: yes
configure:14016: checking if g++ static flag -static works
configure:14044: result: yes
configure:14056: checking if g++ supports -c -o file.o
configure:14077: g++ -c -g -O2  -o out/conftest2.o conftest.cpp >&5
configure:14081: $? = 0
configure:14103: result: yes
configure:14108: checking if g++ supports -c -o file.o
configure:14155: result: yes
configure:14185: checking whether the g++ linker (/usr/bin/ld) supports shared libraries
configure:14224: result: yes
configure:14365: checking dynamic linker characteristics
configure:15044: result: GNU/Linux ld.so
configure:15097: checking how to hardcode library paths into programs
configure:15122: result: immediate
configure:15168: checking whether byte ordering is bigendian
configure:15183: g++ -c -g -O2  conftest.cpp >&5
conftest.cpp:24:9: error: expected unqualified-id before 'not' token
configure:15183: $? = 1
configure: failed program was:
| /* confdefs.h */
| #define PACKAGE_NAME "snappy"
| #define PACKAGE_TARNAME "snappy"
| #define PACKAGE_VERSION "1.1.0"
| #define PACKAGE_STRING "snappy 1.1.0"
| #define PACKAGE_BUGREPORT ""
| #define PACKAGE_URL ""
| #define PACKAGE "snappy"
| #define VERSION "1.1.0"
| #define STDC_HEADERS 1
| #define HAVE_SYS_TYPES_H 1
| #define HAVE_SYS_STAT_H 1
| #define HAVE_STDLIB_H 1
| #define HAVE_STRING_H 1
| #define HAVE_MEMORY_H 1
| #define HAVE_STRINGS_H 1
| #define HAVE_INTTYPES_H 1
| #define HAVE_STDINT_H 1
| #define HAVE_UNISTD_H 1
| #define HAVE_DLFCN_H 1
| #define LT_OBJDIR ".libs/"
| /* end confdefs.h.  */
| #ifndef __APPLE_CC__
| 	       not a universal capable compiler
| 	     #endif
| 	     typedef int dummy;
| 
configure:15228: g++ -c -g -O2  conftest.cpp >&5
configure:15228: $? = 0
configure:15246: g++ -c -g -O2  conftest.cpp >&5
conftest.cpp: In function 'int main()':
conftest.cpp:30:8: error: 'big' was not declared in this scope
conftest.cpp:30:12: error: expected ';' before 'endian'
configure:15246: $? = 1
configure: failed program was:
| /* confdefs.h */
| #define PACKAGE_NAME "snappy"
| #define PACKAGE_TARNAME "snappy"
| #define PACKAGE_VERSION "1.1.0"
| #define PACKAGE_STRING "snappy 1.1.0"
| #define PACKAGE_BUGREPORT ""
| #define PACKAGE_URL ""
| #define PACKAGE "snappy"
| #define VERSION "1.1.0"
| #define STDC_HEADERS 1
| #define HAVE_SYS_TYPES_H 1
| #define HAVE_SYS_STAT_H 1
| #define HAVE_STDLIB_H 1
| #define HAVE_STRING_H 1
| #define HAVE_MEMORY_H 1
| #define HAVE_STRINGS_H 1
| #define HAVE_INTTYPES_H 1
| #define HAVE_STDINT_H 1
| #define HAVE_UNISTD_H 1
| #define HAVE_DLFCN_H 1
| #define LT_OBJDIR ".libs/"
| /* end confdefs.h.  */
| #include <sys/types.h>
| 		#include <sys/param.h>
| 
| int
| main ()
| {
| #if BYTE_ORDER != BIG_ENDIAN
| 		 not big endian
| 		#endif
| 
|   ;
|   return 0;
| }
configure:15374: result: no
configure:15396: checking for stdint.h
configure:15396: result: yes
configure:15396: checking stddef.h usability
configure:15396: g++ -c -g -O2  conftest.cpp >&5
configure:15396: $? = 0
configure:15396: result: yes
configure:15396: checking stddef.h presence
configure:15396: g++ -E  conftest.cpp
configure:15396: $? = 0
configure:15396: result: yes
configure:15396: checking for stddef.h
configure:15396: result: yes
configure:15396: checking sys/mman.h usability
configure:15396: g++ -c -g -O2  conftest.cpp >&5
configure:15396: $? = 0
configure:15396: result: yes
configure:15396: checking sys/mman.h presence
configure:15396: g++ -E  conftest.cpp
configure:15396: $? = 0
configure:15396: result: yes
configure:15396: checking for sys/mman.h
configure:15396: result: yes
configure:15396: checking sys/resource.h usability
configure:15396: g++ -c -g -O2  conftest.cpp >&5
configure:15396: $? = 0
configure:15396: result: yes
configure:15396: checking sys/resource.h presence
configure:15396: g++ -E  conftest.cpp
configure:15396: $? = 0
configure:15396: result: yes
configure:15396: checking for sys/resource.h
configure:15396: result: yes
configure:15396: checking windows.h usability
configure:15396: g++ -c -g -O2  conftest.cpp >&5
conftest.cpp:60:21: fatal error: windows.h: No such file or directory
compilation terminated.
configure:15396: $? = 1
configure: failed program was:
| /* confdefs.h */
| #define PACKAGE_NAME "snappy"
| #define PACKAGE_TARNAME "snappy"
| #define PACKAGE_VERSION "1.1.0"
| #define PACKAGE_STRING "snappy 1.1.0"
| #define PACKAGE_BUGREPORT ""
| #define PACKAGE_URL ""
| #define PACKAGE "snappy"
| #define VERSION "1.1.0"
| #define STDC_HEADERS 1
| #define HAVE_SYS_TYPES_H 1
| #define HAVE_SYS_STAT_H 1
| #define HAVE_STDLIB_H 1
| #define HAVE_STRING_H 1
| #define HAVE_MEMORY_H 1
| #define HAVE_STRINGS_H 1
| #define HAVE_INTTYPES_H 1
| #define HAVE_STDINT_H 1
| #define HAVE_UNISTD_H 1
| #define HAVE_DLFCN_H 1
| #define LT_OBJDIR ".libs/"
| #define HAVE_STDINT_H 1
| #define HAVE_STDDEF_H 1
| #define HAVE_SYS_MMAN_H 1
| #define HAVE_SYS_RESOURCE_H 1
| /* end confdefs.h.  */
| #include <stdio.h>
| #ifdef HAVE_SYS_TYPES_H
| # include <sys/types.h>
| #endif
| #ifdef HAVE_SYS_STAT_H
| # include <sys/stat.h>
| #endif
| #ifdef STDC_HEADERS
| # include <stdlib.h>
| # include <stddef.h>
| #else
| # ifdef HAVE_STDLIB_H
| #  include <stdlib.h>
| # endif
| #endif
| #ifdef HAVE_STRING_H
| # if !defined STDC_HEADERS && defined HAVE_MEMORY_H
| #  include <memory.h>
| # endif
| # include <string.h>
| #endif
| #ifdef HAVE_STRINGS_H
| # include <strings.h>
| #endif
| #ifdef HAVE_INTTYPES_H
| # include <inttypes.h>
| #endif
| #ifdef HAVE_STDINT_H
| # include <stdint.h>
| #endif
| #ifdef HAVE_UNISTD_H
| # include <unistd.h>
| #endif
| #include <windows.h>
configure:15396: result: no
configure:15396: checking windows.h presence
configure:15396: g++ -E  conftest.cpp
conftest.cpp:27:21: fatal error: windows.h: No such file or directory
compilation terminated.
configure:15396: $? = 1
configure: failed program was:
| /* confdefs.h */
| #define PACKAGE_NAME "snappy"
| #define PACKAGE_TARNAME "snappy"
| #define PACKAGE_VERSION "1.1.0"
| #define PACKAGE_STRING "snappy 1.1.0"
| #define PACKAGE_BUGREPORT ""
| #define PACKAGE_URL ""
| #define PACKAGE "snappy"
| #define VERSION "1.1.0"
| #define STDC_HEADERS 1
| #define HAVE_SYS_TYPES_H 1
| #define HAVE_SYS_STAT_H 1
| #define HAVE_STDLIB_H 1
| #define HAVE_STRING_H 1
| #define HAVE_MEMORY_H 1
| #define HAVE_STRINGS_H 1
| #define HAVE_INTTYPES_H 1
| #define HAVE_STDINT_H 1
| #define HAVE_UNISTD_H 1
| #define HAVE_DLFCN_H 1
| #define LT_OBJDIR ".libs/"
| #define HAVE_STDINT_H 1
| #define HAVE_STDDEF_H 1
| #define HAVE_SYS_MMAN_H 1
| #define HAVE_SYS_RESOURCE_H 1
| /* end confdefs.h.  */
| #include <windows.h>
configure:15396: result: no
configure:15396: checking for windows.h
configure:15396: result: no
configure:15396: checking byteswap.h usability
configure:15396: g++ -c -g -O2  conftest.cpp >&5
configure:15396: $? = 0
configure:15396: result: yes
configure:15396: checking byteswap.h presence
configure:15396: g++ -E  conftest.cpp
configure:15396: $? = 0
configure:15396: result: yes
configure:15396: checking for byteswap.h
configure:15396: result: yes
configure:15396: checking sys/byteswap.h usability
configure:15396: g++ -c -g -O2  conftest.cpp >&5
conftest.cpp:61:26: fatal error: sys/byteswap.h: No such file or directory
compilation terminated.
configure:15396: $? = 1
configure: failed program was:
| /* confdefs.h */
| #define PACKAGE_NAME "snappy"
| #define PACKAGE_TARNAME "snappy"
| #define PACKAGE_VERSION "1.1.0"
| #define PACKAGE_STRING "snappy 1.1.0"
| #define PACKAGE_BUGREPORT ""
| #define PACKAGE_URL ""
| #define PACKAGE "snappy"
| #define VERSION "1.1.0"
| #define STDC_HEADERS 1
| #define HAVE_SYS_TYPES_H 1
| #define HAVE_SYS_STAT_H 1
| #define HAVE_STDLIB_H 1
| #define HAVE_STRING_H 1
| #define HAVE_MEMORY_H 1
| #define HAVE_STRINGS_H 1
| #define HAVE_INTTYPES_H 1
| #define HAVE_STDINT_H 1
| #define HAVE_UNISTD_H 1
| #define HAVE_DLFCN_H 1
| #define LT_OBJDIR ".libs/"
| #define HAVE_STDINT_H 1
| #define HAVE_STDDEF_H 1
| #define HAVE_SYS_MMAN_H 1
| #define HAVE_SYS_RESOURCE_H 1
| #define HAVE_BYTESWAP_H 1
| /* end confdefs.h.  */
| #include <stdio.h>
| #ifdef HAVE_SYS_TYPES_H
| # include <sys/types.h>
| #endif
| #ifdef HAVE_SYS_STAT_H
| # include <sys/stat.h>
| #endif
| #ifdef STDC_HEADERS
| # include <stdlib.h>
| # include <stddef.h>
| #else
| # ifdef HAVE_STDLIB_H
| #  include <stdlib.h>
| # endif
| #endif
| #ifdef HAVE_STRING_H
| # if !defined STDC_HEADERS && defined HAVE_MEMORY_H
| #  include <memory.h>
| # endif
| # include <string.h>
| #endif
| #ifdef HAVE_STRINGS_H
| # include <strings.h>
| #endif
| #ifdef HAVE_INTTYPES_H
| # include <inttypes.h>
| #endif
| #ifdef HAVE_STDINT_H
| # include <stdint.h>
| #endif
| #ifdef HAVE_UNISTD_H
| # include <unistd.h>
| #endif
| #include <sys/byteswap.h>
configure:15396: result: no
configure:15396: checking sys/byteswap.h presence
configure:15396: g++ -E  conftest.cpp
conftest.cpp:28:26: fatal error: sys/byteswap.h: No such file or directory
compilation terminated.
configure:15396: $? = 1
configure: failed program was:
| /* confdefs.h */
| #define PACKAGE_NAME "snappy"
| #define PACKAGE_TARNAME "snappy"
| #define PACKAGE_VERSION "1.1.0"
| #define PACKAGE_STRING "snappy 1.1.0"
| #define PACKAGE_BUGREPORT ""
| #define PACKAGE_URL ""
| #define PACKAGE "snappy"
| #define VERSION "1.1.0"
| #define STDC_HEADERS 1
| #define HAVE_SYS_TYPES_H 1
| #define HAVE_SYS_STAT_H 1
| #define HAVE_STDLIB_H 1
| #define HAVE_STRING_H 1
| #define HAVE_MEMORY_H 1
| #define HAVE_STRINGS_H 1
| #define HAVE_INTTYPES_H 1
| #define HAVE_STDINT_H 1
| #define HAVE_UNISTD_H 1
| #define HAVE_DLFCN_H 1
| #define LT_OBJDIR ".libs/"
| #define HAVE_STDINT_H 1
| #define HAVE_STDDEF_H 1
| #define HAVE_SYS_MMAN_H 1
| #define HAVE_SYS_RESOURCE_H 1
| #define HAVE_BYTESWAP_H 1
| /* end confdefs.h.  */
| #include <sys/byteswap.h>
configure:15396: result: no
configure:15396: checking for sys/byteswap.h
configure:15396: result: no
configure:15396: checking sys/endian.h usability
configure:15396: g++ -c -g -O2  conftest.cpp >&5
conftest.cpp:61:24: fatal error: sys/endian.h: No such file or directory
compilation terminated.
configure:15396: $? = 1
configure: failed program was:
| /* confdefs.h */
| #define PACKAGE_NAME "snappy"
| #define PACKAGE_TARNAME "snappy"
| #define PACKAGE_VERSION "1.1.0"
| #define PACKAGE_STRING "snappy 1.1.0"
| #define PACKAGE_BUGREPORT ""
| #define PACKAGE_URL ""
| #define PACKAGE "snappy"
| #define VERSION "1.1.0"
| #define STDC_HEADERS 1
| #define HAVE_SYS_TYPES_H 1
| #define HAVE_SYS_STAT_H 1
| #define HAVE_STDLIB_H 1
| #define HAVE_STRING_H 1
| #define HAVE_MEMORY_H 1
| #define HAVE_STRINGS_H 1
| #define HAVE_INTTYPES_H 1
| #define HAVE_STDINT_H 1
| #define HAVE_UNISTD_H 1
| #define HAVE_DLFCN_H 1
| #define LT_OBJDIR ".libs/"
| #define HAVE_STDINT_H 1
| #define HAVE_STDDEF_H 1
| #define HAVE_SYS_MMAN_H 1
| #define HAVE_SYS_RESOURCE_H 1
| #define HAVE_BYTESWAP_H 1
| /* end confdefs.h.  */
| #include <stdio.h>
| #ifdef HAVE_SYS_TYPES_H
| # include <sys/types.h>
| #endif
| #ifdef HAVE_SYS_STAT_H
| # include <sys/stat.h>
| #endif
| #ifdef STDC_HEADERS
| # include <stdlib.h>
| # include <stddef.h>
| #else
| # ifdef HAVE_STDLIB_H
| #  include <stdlib.h>
| # endif
| #endif
| #ifdef HAVE_STRING_H
| # if !defined STDC_HEADERS && defined HAVE_MEMORY_H
| #  include <memory.h>
| # endif
| # include <string.h>
| #endif
| #ifdef HAVE_STRINGS_H
| # include <strings.h>
| #endif
| #ifdef HAVE_INTTYPES_H
| # include <inttypes.h>
| #endif
| #ifdef HAVE_STDINT_H
| # include <stdint.h>
| #endif
| #ifdef HAVE_UNISTD_H
| # include <unistd.h>
| #endif
| #include <sys/endian.h>
configure:15396: result: no
configure:15396: checking sys/endian.h presence
configure:15396: g++ -E  conftest.cpp
conftest.cpp:28:24: fatal error: sys/endian.h: No such file or directory
compilation terminated.
configure:15396: $? = 1
configure: failed program was:
| /* confdefs.h */
| #define PACKAGE_NAME "snappy"
| #define PACKAGE_TARNAME "snappy"
| #define PACKAGE_VERSION "1.1.0"
| #define PACKAGE_STRING "snappy 1.1.0"
| #define PACKAGE_BUGREPORT ""
| #define PACKAGE_URL ""
| #define PACKAGE "snappy"
| #define VERSION "1.1.0"
| #define STDC_HEADERS 1
| #define HAVE_SYS_TYPES_H 1
| #define HAVE_SYS_STAT_H 1
| #define HAVE_STDLIB_H 1
| #define HAVE_STRING_H 1
| #define HAVE_MEMORY_H 1
| #define HAVE_STRINGS_H 1
| #define HAVE_INTTYPES_H 1
| #define HAVE_STDINT_H 1
| #define HAVE_UNISTD_H 1
| #define HAVE_DLFCN_H 1
| #define LT_OBJDIR ".libs/"
| #define HAVE_STDINT_H 1
| #define HAVE_STDDEF_H 1
| #define HAVE_SYS_MMAN_H 1
| #define HAVE_SYS_RESOURCE_H 1
| #define HAVE_BYTESWAP_H 1
| /* end confdefs.h.  */
| #include <sys/endian.h>
configure:15396: result: no
configure:15396: checking for sys/endian.h
configure:15396: result: no
configure:15396: checking sys/time.h usability
configure:15396: g++ -c -g -O2  conftest.cpp >&5
configure:15396: $? = 0
configure:15396: result: yes
configure:15396: checking sys/time.h presence
configure:15396: g++ -E  conftest.cpp
configure:15396: $? = 0
configure:15396: result: yes
configure:15396: checking for sys/time.h
configure:15396: result: yes
configure:15409: checking for mmap
configure:15409: g++ -o conftest -g -O2   conftest.cpp  >&5
configure:15409: $? = 0
configure:15409: result: yes
configure:15431: checking for 'gtest-config'
configure:15452: checking for gtest-config
configure:15485: result: no
configure:15506: result: no
configure:15605: checking for pkg-config
configure:15623: found /usr/bin/pkg-config
configure:15635: result: /usr/bin/pkg-config
configure:15660: checking pkg-config is at least version 0.9.0
configure:15663: result: yes
configure:15673: checking for gflags
configure:15680: $PKG_CONFIG --exists --print-errors "libgflags"
Package libgflags was not found in the pkg-config search path.
Perhaps you should add the directory containing `libgflags.pc'
to the PKG_CONFIG_PATH environment variable
No package 'libgflags' found
configure:15683: $? = 1
configure:15697: $PKG_CONFIG --exists --print-errors "libgflags"
Package libgflags was not found in the pkg-config search path.
Perhaps you should add the directory containing `libgflags.pc'
to the PKG_CONFIG_PATH environment variable
No package 'libgflags' found
configure:15700: $? = 1
configure:15714: result: no
No package 'libgflags' found
configure:15758: checking if the compiler supports __builtin_expect
configure:15774: g++ -c -g -O2  conftest.cpp >&5
configure:15774: $? = 0
configure:15777: result: yes
configure:15796: checking if the compiler supports __builtin_ctzll
configure:15812: g++ -c -g -O2  conftest.cpp >&5
configure:15812: $? = 0
configure:15815: result: yes
configure:15838: checking for zlibVersion in -lz
configure:15863: g++ -o conftest -g -O2   conftest.cpp -lz   >&5
configure:15863: $? = 0
configure:15872: result: yes
configure:15890: checking for lzo1x_1_15_compress in -llzo2
configure:15915: g++ -o conftest -g -O2   conftest.cpp -llzo2   >&5
configure:15915: $? = 0
configure:15924: result: yes
configure:15942: checking for lzf_compress in -llzf
configure:15967: g++ -o conftest -g -O2   conftest.cpp -llzf   >&5
/usr/bin/ld: error: cannot find -llzf
conftest.cpp:44: error: undefined reference to 'lzf_compress'
collect2: ld returned 1 exit status
configure:15967: $? = 1
configure: failed program was:
| /* confdefs.h */
| #define PACKAGE_NAME "snappy"
| #define PACKAGE_TARNAME "snappy"
| #define PACKAGE_VERSION "1.1.0"
| #define PACKAGE_STRING "snappy 1.1.0"
| #define PACKAGE_BUGREPORT ""
| #define PACKAGE_URL ""
| #define PACKAGE "snappy"
| #define VERSION "1.1.0"
| #define STDC_HEADERS 1
| #define HAVE_SYS_TYPES_H 1
| #define HAVE_SYS_STAT_H 1
| #define HAVE_STDLIB_H 1
| #define HAVE_STRING_H 1
| #define HAVE_MEMORY_H 1
| #define HAVE_STRINGS_H 1
| #define HAVE_INTTYPES_H 1
| #define HAVE_STDINT_H 1
| #define HAVE_UNISTD_H 1
| #define HAVE_DLFCN_H 1
| #define LT_OBJDIR ".libs/"
| #define HAVE_STDINT_H 1
| #define HAVE_STDDEF_H 1
| #define HAVE_SYS_MMAN_H 1
| #define HAVE_SYS_RESOURCE_H 1
| #define HAVE_BYTESWAP_H 1
| #define HAVE_SYS_TIME_H 1
| #define HAVE_BUILTIN_EXPECT 1
| #define HAVE_BUILTIN_CTZ 1
| #define HAVE_LIBZ 1
| #define HAVE_LIBLZO2 1
| /* end confdefs.h.  */
| 
| /* Override any GCC internal prototype to avoid an error.
|    Use char because int might match the return type of a GCC
|    builtin and then its argument prototype would still apply.  */
| #ifdef __cplusplus
| extern "C"
| #endif
| char lzf_compress ();
| int
| main ()
| {
| return lzf_compress ();
|   ;
|   return 0;
| }
configure:15976: result: no
configure:15994: checking for fastlz_compress in -lfastlz
configure:16019: g++ -o conftest -g -O2   conftest.cpp -lfastlz   >&5
/usr/bin/ld: error: cannot find -lfastlz
conftest.cpp:44: error: undefined reference to 'fastlz_compress'
collect2: ld returned 1 exit status
configure:16019: $? = 1
configure: failed program was:
| /* confdefs.h */
| #define PACKAGE_NAME "snappy"
| #define PACKAGE_TARNAME "snappy"
| #define PACKAGE_VERSION "1.1.0"
| #define PACKAGE_STRING "snappy 1.1.0"
| #define PACKAGE_BUGREPORT ""
| #define PACKAGE_URL ""
| #define PACKAGE "snappy"
| #define VERSION "1.1.0"
| #define STDC_HEADERS 1
| #define HAVE_SYS_TYPES_H 1
| #define HAVE_SYS_STAT_H 1
| #define HAVE_STDLIB_H 1
| #define HAVE_STRING_H 1
| #define HAVE_MEMORY_H 1
| #define HAVE_STRINGS_H 1
| #define HAVE_INTTYPES_H 1
| #define HAVE_STDINT_H 1
| #define HAVE_UNISTD_H 1
| #define HAVE_DLFCN_H 1
| #define LT_OBJDIR ".libs/"
| #define HAVE_STDINT_H 1
| #define HAVE_STDDEF_H 1
| #define HAVE_SYS_MMAN_H 1
| #define HAVE_SYS_RESOURCE_H 1
| #define HAVE_BYTESWAP_H 1
| #define HAVE_SYS_TIME_H 1
| #define HAVE_BUILTIN_EXPECT 1
| #define HAVE_BUILTIN_CTZ 1
| #define HAVE_LIBZ 1
| #define HAVE_LIBLZO2 1
| /* end confdefs.h.  */
| 
| /* Override any GCC internal prototype to avoid an error.
|    Use char because int might match the return type of a GCC
|    builtin and then its argument prototype would still apply.  */
| #ifdef __cplusplus
| extern "C"
| #endif
| char fastlz_compress ();
| int
| main ()
| {
| return fastlz_compress ();
|   ;
|   return 0;
| }
configure:16028: result: no
configure:16046: checking for qlz_compress in -lquicklz
configure:16071: g++ -o conftest -g -O2   conftest.cpp -lquicklz   >&5
/usr/bin/ld: error: cannot find -lquicklz
conftest.cpp:44: error: undefined reference to 'qlz_compress'
collect2: ld returned 1 exit status
configure:16071: $? = 1
configure: failed program was:
| /* confdefs.h */
| #define PACKAGE_NAME "snappy"
| #define PACKAGE_TARNAME "snappy"
| #define PACKAGE_VERSION "1.1.0"
| #define PACKAGE_STRING "snappy 1.1.0"
| #define PACKAGE_BUGREPORT ""
| #define PACKAGE_URL ""
| #define PACKAGE "snappy"
| #define VERSION "1.1.0"
| #define STDC_HEADERS 1
| #define HAVE_SYS_TYPES_H 1
| #define HAVE_SYS_STAT_H 1
| #define HAVE_STDLIB_H 1
| #define HAVE_STRING_H 1
| #define HAVE_MEMORY_H 1
| #define HAVE_STRINGS_H 1
| #define HAVE_INTTYPES_H 1
| #define HAVE_STDINT_H 1
| #define HAVE_UNISTD_H 1
| #define HAVE_DLFCN_H 1
| #define LT_OBJDIR ".libs/"
| #define HAVE_STDINT_H 1
| #define HAVE_STDDEF_H 1
| #define HAVE_SYS_MMAN_H 1
| #define HAVE_SYS_RESOURCE_H 1
| #define HAVE_BYTESWAP_H 1
| #define HAVE_SYS_TIME_H 1
| #define HAVE_BUILTIN_EXPECT 1
| #define HAVE_BUILTIN_CTZ 1
| #define HAVE_LIBZ 1
| #define HAVE_LIBLZO2 1
| /* end confdefs.h.  */
| 
| /* Override any GCC internal prototype to avoid an error.
|    Use char because int might match the return type of a GCC
|    builtin and then its argument prototype would still apply.  */
| #ifdef __cplusplus
| extern "C"
| #endif
| char qlz_compress ();
| int
| main ()
| {
| return qlz_compress ();
|   ;
|   return 0;
| }
configure:16080: result: no
configure:16268: creating ./config.status

## ---------------------- ##
## Running config.status. ##
## ---------------------- ##

This file was extended by snappy config.status 1.1.0, which was
generated by GNU Autoconf 2.68.  Invocation command line was

  CONFIG_FILES    = 
  CONFIG_HEADERS  = 
  CONFIG_LINKS    = 
  CONFIG_COMMANDS = 
  $ ./config.status 

on luliang-QSH4

config.status:1184: creating Makefile
config.status:1184: creating snappy-stubs-public.h
config.status:1184: creating config.h
config.status:1365: config.h is unchanged
config.status:1413: executing depfiles commands
config.status:1413: executing libtool commands

## ---------------- ##
## Cache variables. ##
## ---------------- ##

ac_cv_build=i686-pc-linux-gnu
ac_cv_c_bigendian=no
ac_cv_c_compiler_gnu=yes
ac_cv_cxx_compiler_gnu=yes
ac_cv_env_CCC_set=
ac_cv_env_CCC_value=
ac_cv_env_CC_set=
ac_cv_env_CC_value=
ac_cv_env_CFLAGS_set=
ac_cv_env_CFLAGS_value=
ac_cv_env_CPPFLAGS_set=
ac_cv_env_CPPFLAGS_value=
ac_cv_env_CPP_set=
ac_cv_env_CPP_value=
ac_cv_env_CXXCPP_set=
ac_cv_env_CXXCPP_value=
ac_cv_env_CXXFLAGS_set=
ac_cv_env_CXXFLAGS_value=
ac_cv_env_CXX_set=
ac_cv_env_CXX_value=
ac_cv_env_GTEST_CONFIG_set=
ac_cv_env_GTEST_CONFIG_value=
ac_cv_env_GTEST_CPPFLAGS_set=
ac_cv_env_GTEST_CPPFLAGS_value=
ac_cv_env_GTEST_CXXFLAGS_set=
ac_cv_env_GTEST_CXXFLAGS_value=
ac_cv_env_GTEST_LDFLAGS_set=
ac_cv_env_GTEST_LDFLAGS_value=
ac_cv_env_GTEST_LIBS_set=
ac_cv_env_GTEST_LIBS_value=
ac_cv_env_GTEST_VERSION_set=
ac_cv_env_GTEST_VERSION_value=
ac_cv_env_LDFLAGS_set=
ac_cv_env_LDFLAGS_value=
ac_cv_env_LIBS_set=
ac_cv_env_LIBS_value=
ac_cv_env_PKG_CONFIG_LIBDIR_set=
ac_cv_env_PKG_CONFIG_LIBDIR_value=
ac_cv_env_PKG_CONFIG_PATH_set=
ac_cv_env_PKG_CONFIG_PATH_value=
ac_cv_env_PKG_CONFIG_set=
ac_cv_env_PKG_CONFIG_value=
ac_cv_env_build_alias_set=
ac_cv_env_build_alias_value=
ac_cv_env_gflags_CFLAGS_set=
ac_cv_env_gflags_CFLAGS_value=
ac_cv_env_gflags_LIBS_set=
ac_cv_env_gflags_LIBS_value=
ac_cv_env_host_alias_set=
ac_cv_env_host_alias_value=
ac_cv_env_target_alias_set=
ac_cv_env_target_alias_value=
ac_cv_func_mmap=yes
ac_cv_have_stddef_h=1
ac_cv_have_stdint_h=1
ac_cv_header_byteswap_h=yes
ac_cv_header_dlfcn_h=yes
ac_cv_header_inttypes_h=yes
ac_cv_header_memory_h=yes
ac_cv_header_stdc=yes
ac_cv_header_stddef_h=yes
ac_cv_header_stdint_h=yes
ac_cv_header_stdlib_h=yes
ac_cv_header_string_h=yes
ac_cv_header_strings_h=yes
ac_cv_header_sys_byteswap_h=no
ac_cv_header_sys_endian_h=no
ac_cv_header_sys_mman_h=yes
ac_cv_header_sys_resource_h=yes
ac_cv_header_sys_stat_h=yes
ac_cv_header_sys_time_h=yes
ac_cv_header_sys_types_h=yes
ac_cv_header_unistd_h=yes
ac_cv_header_windows_h=no
ac_cv_host=i686-pc-linux-gnu
ac_cv_lib_fastlz_fastlz_compress=no
ac_cv_lib_lzf_lzf_compress=no
ac_cv_lib_lzo2_lzo1x_1_15_compress=yes
ac_cv_lib_quicklz_qlz_compress=no
ac_cv_lib_z_zlibVersion=yes
ac_cv_objext=o
ac_cv_path_EGREP='/bin/grep -E'
ac_cv_path_FGREP='/bin/grep -F'
ac_cv_path_GREP=/bin/grep
ac_cv_path_SED=/bin/sed
ac_cv_path_ac_pt_PKG_CONFIG=/usr/bin/pkg-config
ac_cv_path_install='/usr/bin/install -c'
ac_cv_path_mkdir=/bin/mkdir
ac_cv_prog_AWK=mawk
ac_cv_prog_CPP='gcc -E'
ac_cv_prog_CXXCPP='g++ -E'
ac_cv_prog_ac_ct_AR=ar
ac_cv_prog_ac_ct_CC=gcc
ac_cv_prog_ac_ct_CXX=g++
ac_cv_prog_ac_ct_MANIFEST_TOOL=mt
ac_cv_prog_ac_ct_OBJDUMP=objdump
ac_cv_prog_ac_ct_RANLIB=ranlib
ac_cv_prog_ac_ct_STRIP=strip
ac_cv_prog_cc_c89=
ac_cv_prog_cc_g=yes
ac_cv_prog_cxx_g=yes
ac_cv_prog_make_make_set=yes
am_cv_CC_dependencies_compiler_type=gcc3
am_cv_CXX_dependencies_compiler_type=gcc3
lt_cv_ar_at_file=@
lt_cv_archive_cmds_need_lc=no
lt_cv_deplibs_check_method=pass_all
lt_cv_file_magic_cmd='$MAGIC_CMD'
lt_cv_file_magic_test_file=
lt_cv_ld_reload_flag=-r
lt_cv_nm_interface='BSD nm'
lt_cv_objdir=.libs
lt_cv_path_LD=/usr/bin/ld
lt_cv_path_LDCXX=/usr/bin/ld
lt_cv_path_NM='/usr/bin/nm -B'
lt_cv_path_mainfest_tool=no
lt_cv_prog_compiler_c_o=yes
lt_cv_prog_compiler_c_o_CXX=yes
lt_cv_prog_compiler_pic='-fPIC -DPIC'
lt_cv_prog_compiler_pic_CXX='-fPIC -DPIC'
lt_cv_prog_compiler_pic_works=yes
lt_cv_prog_compiler_pic_works_CXX=yes
lt_cv_prog_compiler_rtti_exceptions=no
lt_cv_prog_compiler_static_works=yes
lt_cv_prog_compiler_static_works_CXX=yes
lt_cv_prog_gnu_ld=yes
lt_cv_prog_gnu_ldcxx=yes
lt_cv_sharedlib_from_linklib_cmd='printf %s\n'
lt_cv_shlibpath_overrides_runpath=no
lt_cv_sys_global_symbol_pipe='sed -n -e '\''s/^.*[	 ]\([ABCDGIRSTW][ABCDGIRSTW]*\)[	 ][	 ]*\([_A-Za-z][_A-Za-z0-9]*\)$/\1 \2 \2/p'\'' | sed '\''/ __gnu_lto/d'\'''
lt_cv_sys_global_symbol_to_c_name_address='sed -n -e '\''s/^: \([^ ]*\)[ ]*$/  {\"\1\", (void *) 0},/p'\'' -e '\''s/^[ABCDGIRSTW]* \([^ ]*\) \([^ ]*\)$/  {"\2", (void *) \&\2},/p'\'''
lt_cv_sys_global_symbol_to_c_name_address_lib_prefix='sed -n -e '\''s/^: \([^ ]*\)[ ]*$/  {\"\1\", (void *) 0},/p'\'' -e '\''s/^[ABCDGIRSTW]* \([^ ]*\) \(lib[^ ]*\)$/  {"\2", (void *) \&\2},/p'\'' -e '\''s/^[ABCDGIRSTW]* \([^ ]*\) \([^ ]*\)$/  {"lib\2", (void *) \&\2},/p'\'''
lt_cv_sys_global_symbol_to_cdecl='sed -n -e '\''s/^T .* \(.*\)$/extern int \1();/p'\'' -e '\''s/^[ABCDGIRSTW]* .* \(.*\)$/extern char \1;/p'\'''
lt_cv_sys_max_cmd_len=1572864
lt_cv_to_host_file_cmd=func_convert_file_noop
lt_cv_to_tool_file_cmd=func_convert_file_noop

## ----------------- ##
## Output variables. ##
## ----------------- ##

ACLOCAL='${SHELL} /home/luliang/workspace/cpp/R-snappy/snappy/missing --run aclocal-1.11'
AMDEPBACKSLASH='\'
AMDEP_FALSE='#'
AMDEP_TRUE=''
AMTAR='$${TAR-tar}'
AR='ar'
AUTOCONF='${SHELL} /home/luliang/workspace/cpp/R-snappy/snappy/missing --run autoconf'
AUTOHEADER='${SHELL} /home/luliang/workspace/cpp/R-snappy/snappy/missing --run autoheader'
AUTOMAKE='${SHELL} /home/luliang/workspace/cpp/R-snappy/snappy/missing --run automake-1.11'
AWK='mawk'
CC='gcc'
CCDEPMODE='depmode=gcc3'
CFLAGS='-g -O2'
CPP='gcc -E'
CPPFLAGS=''
CXX='g++'
CXXCPP='g++ -E'
CXXDEPMODE='depmode=gcc3'
CXXFLAGS='-g -O2'
CYGPATH_W='echo'
DEFS='-DHAVE_CONFIG_H'
DEPDIR='.deps'
DLLTOOL='false'
DSYMUTIL=''
DUMPBIN=''
ECHO_C=''
ECHO_N='-n'
ECHO_T=''
EGREP='/bin/grep -E'
EXEEXT=''
FGREP='/bin/grep -F'
GREP='/bin/grep'
GTEST_CONFIG=''
GTEST_CPPFLAGS=''
GTEST_CXXFLAGS=''
GTEST_LDFLAGS=''
GTEST_LIBS=''
GTEST_VERSION=''
HAVE_GTEST='no'
HAVE_GTEST_FALSE=''
HAVE_GTEST_TRUE='#'
INSTALL_DATA='${INSTALL} -m 644'
INSTALL_PROGRAM='${INSTALL}'
INSTALL_SCRIPT='${INSTALL}'
INSTALL_STRIP_PROGRAM='$(install_sh) -c -s'
LD='/usr/bin/ld'
LDFLAGS=''
LIBOBJS=''
LIBS=''
LIBTOOL='$(SHELL) $(top_builddir)/libtool'
LIBTOOL_DEPS='./ltmain.sh'
LIPO=''
LN_S='ln -s'
LTLIBOBJS=''
MAKEINFO='${SHELL} /home/luliang/workspace/cpp/R-snappy/snappy/missing --run makeinfo'
MANIFEST_TOOL=':'
MKDIR_P='/bin/mkdir -p'
NM='/usr/bin/nm -B'
NMEDIT=''
OBJDUMP='objdump'
OBJEXT='o'
OTOOL64=''
OTOOL=''
PACKAGE='snappy'
PACKAGE_BUGREPORT=''
PACKAGE_NAME='snappy'
PACKAGE_STRING='snappy 1.1.0'
PACKAGE_TARNAME='snappy'
PACKAGE_URL=''
PACKAGE_VERSION='1.1.0'
PATH_SEPARATOR=':'
PKG_CONFIG='/usr/bin/pkg-config'
PKG_CONFIG_LIBDIR=''
PKG_CONFIG_PATH=''
RANLIB='ranlib'
SED='/bin/sed'
SET_MAKE=''
SHELL='/bin/bash'
SNAPPY_LTVERSION='2:4:1'
SNAPPY_MAJOR='1'
SNAPPY_MINOR='1'
SNAPPY_PATCHLEVEL='0'
STRIP='strip'
UNITTEST_LIBS='-llzo2 -lz '
VERSION='1.1.0'
ac_ct_AR='ar'
ac_ct_CC='gcc'
ac_ct_CXX='g++'
ac_ct_DUMPBIN=''
ac_cv_have_stddef_h='1'
ac_cv_have_stdint_h='1'
am__EXEEXT_FALSE=''
am__EXEEXT_TRUE='#'
am__fastdepCC_FALSE='#'
am__fastdepCC_TRUE=''
am__fastdepCXX_FALSE='#'
am__fastdepCXX_TRUE=''
am__include='include'
am__isrc=''
am__leading_dot='.'
am__nodep='_no'
am__quote=''
am__tar='$${TAR-tar} chof - "$$tardir"'
am__untar='$${TAR-tar} xf -'
bindir='${exec_prefix}/bin'
build='i686-pc-linux-gnu'
build_alias=''
build_cpu='i686'
build_os='linux-gnu'
build_vendor='pc'
datadir='${datarootdir}'
datarootdir='${prefix}/share'
docdir='${datarootdir}/doc/${PACKAGE_TARNAME}'
dvidir='${docdir}'
exec_prefix='${prefix}'
gflags_CFLAGS=''
gflags_LIBS=''
host='i686-pc-linux-gnu'
host_alias=''
host_cpu='i686'
host_os='linux-gnu'
host_vendor='pc'
htmldir='${docdir}'
includedir='${prefix}/include'
infodir='${datarootdir}/info'
install_sh='${SHELL} /home/luliang/workspace/cpp/R-snappy/snappy/install-sh'
libdir='${exec_prefix}/lib'
libexecdir='${exec_prefix}/libexec'
localedir='${datarootdir}/locale'
localstatedir='${prefix}/var'
mandir='${datarootdir}/man'
mkdir_p='/bin/mkdir -p'
oldincludedir='/usr/include'
pdfdir='${docdir}'
prefix='/usr/local'
program_transform_name='s,x,x,'
psdir='${docdir}'
sbindir='${exec_prefix}/sbin'
sharedstatedir='${prefix}/com'
sysconfdir='${prefix}/etc'
target_alias=''

## ----------- ##
## confdefs.h. ##
## ----------- ##

/* confdefs.h */
#define PACKAGE_NAME "snappy"
#define PACKAGE_TARNAME "snappy"
#define PACKAGE_VERSION "1.1.0"
#define PACKAGE_STRING "snappy 1.1.0"
#define PACKAGE_BUGREPORT ""
#define PACKAGE_URL ""
#define PACKAGE "snappy"
#define VERSION "1.1.0"
#define STDC_HEADERS 1
#define HAVE_SYS_TYPES_H 1
#define HAVE_SYS_STAT_H 1
#define HAVE_STDLIB_H 1
#define HAVE_STRING_H 1
#define HAVE_MEMORY_H 1
#define HAVE_STRINGS_H 1
#define HAVE_INTTYPES_H 1
#define HAVE_STDINT_H 1
#define HAVE_UNISTD_H 1
#define HAVE_DLFCN_H 1
#define LT_OBJDIR ".libs/"
#define HAVE_STDINT_H 1
#define HAVE_STDDEF_H 1
#define HAVE_SYS_MMAN_H 1
#define HAVE_SYS_RESOURCE_H 1
#define HAVE_BYTESWAP_H 1
#define HAVE_SYS_TIME_H 1
#define HAVE_BUILTIN_EXPECT 1
#define HAVE_BUILTIN_CTZ 1
#define HAVE_LIBZ 1
#define HAVE_LIBLZO2 1

configure: exit 0
